<?xml version="1.0" encoding="UTF-8"?>
<testsuite name="PostManEchoTest" tests="1" skipped="0" failures="0" errors="0" timestamp="2023-04-06T09:05:53" hostname="Air-Nikita" time="1.999">
  <properties/>
  <testcase name="ShouldReturnSetData()" classname="PostManEchoTest" time="1.999"/>
  <system-out><![CDATA[]]></system-out>
  <system-err><![CDATA[]]></system-err>
</testsuite>
